Flow report for a05_lab2
Sat Oct 21 13:36:58 2017
Quartus II Version 8.1 Build 163 10/28/2008 SJ Web Edition


---------------------
; Table of Contents ;
---------------------
  1. Legal Notice
  2. Flow Summary
  3. Flow Settings
  4. Flow Non-Default Global Settings
  5. Flow Elapsed Time
  6. Flow OS Summary
  7. Flow Log



----------------
; Legal Notice ;
----------------
Copyright (C) 1991-2008 Altera Corporation
Your use of Altera Corporation's design tools, logic functions 
and other software and tools, and its AMPP partner logic 
functions, and any output files from any of the foregoing 
(including device programming or simulation files), and any 
associated documentation or information are expressly subject 
to the terms and conditions of the Altera Program License 
Subscription Agreement, Altera MegaCore Function License 
Agreement, or other applicable license agreement, including, 
without limitation, that your use is for the sole purpose of 
programming logic devices manufactured by Altera and sold by 
Altera or its authorized distributors.  Please refer to the 
applicable agreement for further details.



+------------------------------------------------------------------------------+
; Flow Summary                                                                 ;
+------------------------------------+-----------------------------------------+
; Flow Status                        ; Successful - Sat Oct 21 13:36:58 2017   ;
; Quartus II Version                 ; 8.1 Build 163 10/28/2008 SJ Web Edition ;
; Revision Name                      ; a05_lab2                                ;
; Top-level Entity Name              ; a05_RANDU                               ;
; Family                             ; Cyclone II                              ;
; Device                             ; EP2C20F484C7                            ;
; Timing Models                      ; Final                                   ;
; Met timing requirements            ; Yes                                     ;
; Total logic elements               ; 32 / 18,752 ( < 1 % )                   ;
;     Total combinational functions  ; 32 / 18,752 ( < 1 % )                   ;
;     Dedicated logic registers      ; 0 / 18,752 ( 0 % )                      ;
; Total registers                    ; 0                                       ;
; Total pins                         ; 47 / 315 ( 15 % )                       ;
; Total virtual pins                 ; 0                                       ;
; Total memory bits                  ; 0 / 239,616 ( 0 % )                     ;
; Embedded Multiplier 9-bit elements ; 0 / 52 ( 0 % )                          ;
; Total PLLs                         ; 0 / 4 ( 0 % )                           ;
+------------------------------------+-----------------------------------------+


+-----------------------------------------+
; Flow Settings                           ;
+-------------------+---------------------+
; Option            ; Setting             ;
+-------------------+---------------------+
; Start date & time ; 10/21/2017 13:36:51 ;
; Main task         ; Compilation         ;
; Revision Name     ; a05_lab2            ;
+-------------------+---------------------+


+--------------------------------------------------------------------------------------------------------------------+
; Flow Non-Default Global Settings                                                                                   ;
+------------------------------------+--------------------------------+---------------+-------------+----------------+
; Assignment Name                    ; Value                          ; Default Value ; Entity Name ; Section Id     ;
+------------------------------------+--------------------------------+---------------+-------------+----------------+
; COMPILER_SIGNATURE_ID              ; 93383143715676.150860741106996 ; --            ; --          ; --             ;
; IP_TOOL_NAME                       ; LPM_ADD_SUB                    ; --            ; --          ; --             ;
; IP_TOOL_NAME                       ; LPM_ADD_SUB                    ; --            ; --          ; --             ;
; IP_TOOL_VERSION                    ; 8.1                            ; --            ; --          ; --             ;
; IP_TOOL_VERSION                    ; 8.1                            ; --            ; --          ; --             ;
; MAX_CORE_JUNCTION_TEMP             ; 85                             ; --            ; --          ; --             ;
; MIN_CORE_JUNCTION_TEMP             ; 0                              ; --            ; --          ; --             ;
; MISC_FILE                          ; addsub.cmp                     ; --            ; --          ; --             ;
; MISC_FILE                          ; lpm_add_sub0.bsf               ; --            ; --          ; --             ;
; MISC_FILE                          ; lpm_add_sub0.cmp               ; --            ; --          ; --             ;
; PARTITION_COLOR                    ; 16764057                       ; --            ; a05_RANDU   ; Top            ;
; PARTITION_NETLIST_TYPE             ; SOURCE                         ; --            ; a05_RANDU   ; Top            ;
; TOP_LEVEL_ENTITY                   ; a05_RANDU                      ; a05_lab2      ; --          ; --             ;
; USE_GENERATED_PHYSICAL_CONSTRAINTS ; Off                            ; --            ; --          ; eda_blast_fpga ;
+------------------------------------+--------------------------------+---------------+-------------+----------------+


+-----------------------------------------------------------------------------------------------------------------------------+
; Flow Elapsed Time                                                                                                           ;
+-------------------------+--------------+-------------------------+---------------------+------------------------------------+
; Module Name             ; Elapsed Time ; Average Processors Used ; Peak Virtual Memory ; Total CPU Time (on all processors) ;
+-------------------------+--------------+-------------------------+---------------------+------------------------------------+
; Analysis & Synthesis    ; 00:00:00     ; 1.0                     ; 221 MB              ; 00:00:01                           ;
; Fitter                  ; 00:00:03     ; 1.0                     ; 232 MB              ; 00:00:02                           ;
; Assembler               ; 00:00:01     ; 1.0                     ; 216 MB              ; 00:00:01                           ;
; Classic Timing Analyzer ; 00:00:01     ; 1.0                     ; 152 MB              ; 00:00:00                           ;
; Total                   ; 00:00:05     ; --                      ; --                  ; 00:00:04                           ;
+-------------------------+--------------+-------------------------+---------------------+------------------------------------+


+------------------------------------------------------------------------------------------+
; Flow OS Summary                                                                          ;
+-------------------------+------------------+---------------+------------+----------------+
; Module Name             ; Machine Hostname ; OS Name       ; OS Version ; Processor type ;
+-------------------------+------------------+---------------+------------+----------------+
; Analysis & Synthesis    ; Alex-Laptop      ; Windows Vista ; 6.1        ; x86_64         ;
; Fitter                  ; Alex-Laptop      ; Windows Vista ; 6.1        ; x86_64         ;
; Assembler               ; Alex-Laptop      ; Windows Vista ; 6.1        ; x86_64         ;
; Classic Timing Analyzer ; Alex-Laptop      ; Windows Vista ; 6.1        ; x86_64         ;
+-------------------------+------------------+---------------+------------+----------------+


------------
; Flow Log ;
------------
quartus_map --read_settings_files=on --write_settings_files=off a05_lab2 -c a05_lab2
quartus_fit --read_settings_files=off --write_settings_files=off a05_lab2 -c a05_lab2
quartus_asm --read_settings_files=off --write_settings_files=off a05_lab2 -c a05_lab2
quartus_tan --read_settings_files=off --write_settings_files=off a05_lab2 -c a05_lab2 --timing_analysis_only



